<?xml version="1.0" encoding="UTF-8"?>
<!-- Generated by org.testng.reporters.JUnitXMLReporter -->
<testsuite ignored="0" hostname="LTIN264270" failures="0" tests="1" name="Default test(failed)" time="0.159" errors="0" timestamp="2024-02-29T17:00:24 IST">
  <testcase classname="testBase.BaseClass" name="@BeforeClass setup" time="-1.709206224304E9">
    <failure type="org.testng.TestNGException" message="
Parameter &amp;apos;browser&amp;apos; is required by BeforeClass on method setup but has not been marked @Optional or defined
in C:\Users\2308323\eclipse-workspace\PolicyBazaar\test-output\testng-failed.xml">
      <![CDATA[org.testng.TestNGException: 
Parameter 'browser' is required by BeforeClass on method setup but has not been marked @Optional or defined
in C:\Users\2308323\eclipse-workspace\PolicyBazaar\test-output\testng-failed.xml
at java.base/java.util.ArrayList.forEach(ArrayList.java:1511)
... Removed 22 stack frames]]>
    </failure>
  </testcase> <!-- @BeforeClass setup -->
  <testcase classname="testBase.BaseClass" name="@AfterClass tearDown" time="0.0">
    <skipped/>
  </testcase> <!-- @AfterClass tearDown -->
  <testcase classname="TestCase.Tc_1TravelInsuranceRunner" name="travelInsurance" time="0.0">
    <skipped/>
  </testcase> <!-- travelInsurance -->
</testsuite> <!-- Default test(failed) -->
